<?xml version="1.0" encoding="UTF-8"?>
<coverage generated="1695676756891" clover="3.2.0">
  <project timestamp="1695676756891" name="All files">
    <metrics statements="20" coveredstatements="20" conditionals="13" coveredconditionals="12" methods="5" coveredmethods="5" elements="38" coveredelements="37" complexity="0" loc="20" ncloc="20" packages="1" files="1" classes="1"/>
    <file name="cache.js" path="C:\AOLEG\Magistrat FIIT 1 sem\CPR\Cashe\src\cache.js">
      <metrics statements="20" coveredstatements="20" conditionals="13" coveredconditionals="12" methods="5" coveredmethods="5"/>
      <line num="4" count="8" type="stmt"/>
      <line num="5" count="8" type="stmt"/>
      <line num="6" count="8" type="stmt"/>
      <line num="11" count="10" type="cond" truecount="2" falsecount="0"/>
      <line num="12" count="9" type="cond" truecount="2" falsecount="0"/>
      <line num="13" count="8" type="cond" truecount="2" falsecount="0"/>
      <line num="14" count="7" type="cond" truecount="1" falsecount="1"/>
      <line num="16" count="7" type="stmt"/>
      <line num="17" count="7" type="stmt"/>
      <line num="18" count="7" type="stmt"/>
      <line num="19" count="7" type="stmt"/>
      <line num="22" count="6" type="stmt"/>
      <line num="25" count="7" type="cond" truecount="4" falsecount="0"/>
      <line num="26" count="2" type="stmt"/>
      <line num="27" count="2" type="stmt"/>
      <line num="28" count="2" type="stmt"/>
      <line num="30" count="5" type="stmt"/>
      <line num="31" count="5" type="stmt"/>
      <line num="32" count="5" type="stmt"/>
      <line num="35" count="1" type="stmt"/>
    </file>
  </project>
</coverage>
