<?xml version="1.0" encoding="UTF-8"?>
<coverage generated="1695653477605" clover="3.2.0">
  <project timestamp="1695653477605" name="All files">
    <metrics statements="16" coveredstatements="16" conditionals="11" coveredconditionals="8" methods="5" coveredmethods="5" elements="32" coveredelements="29" complexity="0" loc="16" ncloc="16" packages="1" files="1" classes="1"/>
    <file name="cache.js" path="C:\AOLEG\Magistrat FIIT 1 sem\CPR\Cashe\src\cache.js">
      <metrics statements="16" coveredstatements="16" conditionals="11" coveredconditionals="8" methods="5" coveredmethods="5"/>
      <line num="4" count="7" type="stmt"/>
      <line num="5" count="7" type="stmt"/>
      <line num="6" count="7" type="stmt"/>
      <line num="11" count="7" type="cond" truecount="1" falsecount="1"/>
      <line num="12" count="7" type="cond" truecount="1" falsecount="1"/>
      <line num="13" count="7" type="cond" truecount="1" falsecount="1"/>
      <line num="14" count="7" type="stmt"/>
      <line num="15" count="7" type="stmt"/>
      <line num="16" count="7" type="stmt"/>
      <line num="17" count="7" type="stmt"/>
      <line num="20" count="6" type="stmt"/>
      <line num="23" count="7" type="cond" truecount="4" falsecount="0"/>
      <line num="24" count="5" type="stmt"/>
      <line num="25" count="5" type="stmt"/>
      <line num="26" count="5" type="stmt"/>
      <line num="29" count="1" type="stmt"/>
    </file>
  </project>
</coverage>
