{"C:\\AOLEG\\Magistrat FIIT 1 sem\\CPR\\Cashe\\src\\cache.js": {"path":"C:\\AOLEG\\Magistrat FIIT 1 sem\\CPR\\Cashe\\src\\cache.js","statementMap":{"0":{"start":{"line":4,"column":8},"end":{"line":4,"column":23}},"1":{"start":{"line":5,"column":8},"end":{"line":5,"column":23}},"2":{"start":{"line":6,"column":8},"end":{"line":6,"column":22}},"3":{"start":{"line":11,"column":8},"end":{"line":11,"column":74}},"4":{"start":{"line":11,"column":41},"end":{"line":11,"column":72}},"5":{"start":{"line":12,"column":8},"end":{"line":12,"column":78}},"6":{"start":{"line":12,"column":43},"end":{"line":12,"column":76}},"7":{"start":{"line":13,"column":8},"end":{"line":13,"column":78}},"8":{"start":{"line":13,"column":43},"end":{"line":13,"column":76}},"9":{"start":{"line":14,"column":8},"end":{"line":14,"column":27}},"10":{"start":{"line":15,"column":8},"end":{"line":15,"column":32}},"11":{"start":{"line":16,"column":8},"end":{"line":16,"column":32}},"12":{"start":{"line":17,"column":8},"end":{"line":17,"column":69}},"13":{"start":{"line":20,"column":8},"end":{"line":20,"column":31}},"14":{"start":{"line":23,"column":8},"end":{"line":23,"column":66}},"15":{"start":{"line":23,"column":55},"end":{"line":23,"column":66}},"16":{"start":{"line":24,"column":8},"end":{"line":24,"column":26}},"17":{"start":{"line":25,"column":8},"end":{"line":25,"column":69}},"18":{"start":{"line":26,"column":8},"end":{"line":26,"column":31}},"19":{"start":{"line":29,"column":8},"end":{"line":29,"column":25}}},"fnMap":{"0":{"name":"(anonymous_0)","decl":{"start":{"line":3,"column":4},"end":{"line":3,"column":5}},"loc":{"start":{"line":3,"column":17},"end":{"line":7,"column":5}},"line":3},"1":{"name":"(anonymous_1)","decl":{"start":{"line":9,"column":4},"end":{"line":9,"column":5}},"loc":{"start":{"line":10,"column":4},"end":{"line":18,"column":5}},"line":10},"2":{"name":"(anonymous_2)","decl":{"start":{"line":19,"column":4},"end":{"line":19,"column":5}},"loc":{"start":{"line":19,"column":17},"end":{"line":21,"column":5}},"line":19},"3":{"name":"(anonymous_3)","decl":{"start":{"line":22,"column":4},"end":{"line":22,"column":5}},"loc":{"start":{"line":22,"column":17},"end":{"line":27,"column":5}},"line":22},"4":{"name":"(anonymous_4)","decl":{"start":{"line":28,"column":4},"end":{"line":28,"column":5}},"loc":{"start":{"line":28,"column":9},"end":{"line":30,"column":5}},"line":28}},"branchMap":{"0":{"loc":{"start":{"line":9,"column":20},"end":{"line":9,"column":27}},"type":"default-arg","locations":[{"start":{"line":9,"column":26},"end":{"line":9,"column":27}}],"line":9},"1":{"loc":{"start":{"line":11,"column":8},"end":{"line":11,"column":74}},"type":"if","locations":[{"start":{"line":11,"column":8},"end":{"line":11,"column":74}},{"start":{},"end":{}}],"line":11},"2":{"loc":{"start":{"line":12,"column":8},"end":{"line":12,"column":78}},"type":"if","locations":[{"start":{"line":12,"column":8},"end":{"line":12,"column":78}},{"start":{},"end":{}}],"line":12},"3":{"loc":{"start":{"line":13,"column":8},"end":{"line":13,"column":78}},"type":"if","locations":[{"start":{"line":13,"column":8},"end":{"line":13,"column":78}},{"start":{},"end":{}}],"line":13},"4":{"loc":{"start":{"line":23,"column":8},"end":{"line":23,"column":66}},"type":"if","locations":[{"start":{"line":23,"column":8},"end":{"line":23,"column":66}},{"start":{},"end":{}}],"line":23},"5":{"loc":{"start":{"line":23,"column":12},"end":{"line":23,"column":52}},"type":"binary-expr","locations":[{"start":{"line":23,"column":12},"end":{"line":23,"column":28}},{"start":{"line":23,"column":32},"end":{"line":23,"column":52}}],"line":23}},"s":{"0":7,"1":7,"2":7,"3":7,"4":0,"5":7,"6":0,"7":7,"8":0,"9":7,"10":7,"11":7,"12":7,"13":6,"14":7,"15":2,"16":5,"17":5,"18":5,"19":1},"f":{"0":7,"1":7,"2":6,"3":7,"4":1},"b":{"0":[1],"1":[0,7],"2":[0,7],"3":[0,7],"4":[2,5],"5":[7,5]},"_coverageSchema":"1a1c01bbd47fc00a2c39e90264f33305004495a9","hash":"625bac6e480c2aa940c6f439515c48e458df6eb1"}
}
