{"C:\\AOLEG\\Magistrat FIIT 1 sem\\CPR\\Cashe\\src\\cache.js": {"path":"C:\\AOLEG\\Magistrat FIIT 1 sem\\CPR\\Cashe\\src\\cache.js","statementMap":{"0":{"start":{"line":4,"column":8},"end":{"line":4,"column":23}},"1":{"start":{"line":5,"column":8},"end":{"line":5,"column":23}},"2":{"start":{"line":6,"column":8},"end":{"line":6,"column":22}},"3":{"start":{"line":11,"column":8},"end":{"line":11,"column":95}},"4":{"start":{"line":11,"column":41},"end":{"line":11,"column":93}},"5":{"start":{"line":12,"column":8},"end":{"line":12,"column":99}},"6":{"start":{"line":12,"column":43},"end":{"line":12,"column":97}},"7":{"start":{"line":13,"column":8},"end":{"line":13,"column":99}},"8":{"start":{"line":13,"column":43},"end":{"line":13,"column":97}},"9":{"start":{"line":14,"column":8},"end":{"line":14,"column":75}},"10":{"start":{"line":14,"column":26},"end":{"line":14,"column":73}},"11":{"start":{"line":16,"column":8},"end":{"line":16,"column":27}},"12":{"start":{"line":17,"column":8},"end":{"line":17,"column":32}},"13":{"start":{"line":18,"column":8},"end":{"line":18,"column":32}},"14":{"start":{"line":19,"column":8},"end":{"line":19,"column":69}},"15":{"start":{"line":22,"column":8},"end":{"line":22,"column":31}},"16":{"start":{"line":25,"column":8},"end":{"line":29,"column":9}},"17":{"start":{"line":26,"column":12},"end":{"line":26,"column":37}},"18":{"start":{"line":27,"column":12},"end":{"line":27,"column":37}},"19":{"start":{"line":28,"column":12},"end":{"line":28,"column":24}},"20":{"start":{"line":30,"column":8},"end":{"line":30,"column":26}},"21":{"start":{"line":31,"column":8},"end":{"line":31,"column":69}},"22":{"start":{"line":32,"column":8},"end":{"line":32,"column":31}},"23":{"start":{"line":35,"column":8},"end":{"line":35,"column":25}}},"fnMap":{"0":{"name":"(anonymous_0)","decl":{"start":{"line":3,"column":4},"end":{"line":3,"column":5}},"loc":{"start":{"line":3,"column":17},"end":{"line":7,"column":5}},"line":3},"1":{"name":"(anonymous_1)","decl":{"start":{"line":9,"column":4},"end":{"line":9,"column":5}},"loc":{"start":{"line":10,"column":4},"end":{"line":20,"column":5}},"line":10},"2":{"name":"(anonymous_2)","decl":{"start":{"line":21,"column":4},"end":{"line":21,"column":5}},"loc":{"start":{"line":21,"column":17},"end":{"line":23,"column":5}},"line":21},"3":{"name":"(anonymous_3)","decl":{"start":{"line":24,"column":4},"end":{"line":24,"column":5}},"loc":{"start":{"line":24,"column":17},"end":{"line":33,"column":5}},"line":24},"4":{"name":"(anonymous_4)","decl":{"start":{"line":34,"column":4},"end":{"line":34,"column":5}},"loc":{"start":{"line":34,"column":9},"end":{"line":36,"column":5}},"line":34}},"branchMap":{"0":{"loc":{"start":{"line":9,"column":20},"end":{"line":9,"column":27}},"type":"default-arg","locations":[{"start":{"line":9,"column":26},"end":{"line":9,"column":27}}],"line":9},"1":{"loc":{"start":{"line":11,"column":8},"end":{"line":11,"column":95}},"type":"if","locations":[{"start":{"line":11,"column":8},"end":{"line":11,"column":95}},{"start":{},"end":{}}],"line":11},"2":{"loc":{"start":{"line":12,"column":8},"end":{"line":12,"column":99}},"type":"if","locations":[{"start":{"line":12,"column":8},"end":{"line":12,"column":99}},{"start":{},"end":{}}],"line":12},"3":{"loc":{"start":{"line":13,"column":8},"end":{"line":13,"column":99}},"type":"if","locations":[{"start":{"line":13,"column":8},"end":{"line":13,"column":99}},{"start":{},"end":{}}],"line":13},"4":{"loc":{"start":{"line":14,"column":8},"end":{"line":14,"column":75}},"type":"if","locations":[{"start":{"line":14,"column":8},"end":{"line":14,"column":75}},{"start":{},"end":{}}],"line":14},"5":{"loc":{"start":{"line":25,"column":8},"end":{"line":29,"column":9}},"type":"if","locations":[{"start":{"line":25,"column":8},"end":{"line":29,"column":9}},{"start":{},"end":{}}],"line":25},"6":{"loc":{"start":{"line":25,"column":12},"end":{"line":25,"column":52}},"type":"binary-expr","locations":[{"start":{"line":25,"column":12},"end":{"line":25,"column":28}},{"start":{"line":25,"column":32},"end":{"line":25,"column":52}}],"line":25}},"s":{"0":8,"1":8,"2":8,"3":10,"4":1,"5":9,"6":1,"7":8,"8":1,"9":7,"10":0,"11":7,"12":7,"13":7,"14":7,"15":6,"16":7,"17":2,"18":2,"19":2,"20":5,"21":5,"22":5,"23":1},"f":{"0":8,"1":10,"2":6,"3":7,"4":1},"b":{"0":[1],"1":[1,9],"2":[1,8],"3":[1,7],"4":[0,7],"5":[2,5],"6":[7,5]},"_coverageSchema":"1a1c01bbd47fc00a2c39e90264f33305004495a9","hash":"051764f518b1cdb4958eb30b12761f5c56c3fe38"}
}
