TN:
SF:src\cache.js
FN:3,(anonymous_0)
FN:9,(anonymous_1)
FN:19,(anonymous_2)
FN:22,(anonymous_3)
FN:28,(anonymous_4)
FNF:5
FNH:5
FNDA:7,(anonymous_0)
FNDA:7,(anonymous_1)
FNDA:6,(anonymous_2)
FNDA:7,(anonymous_3)
FNDA:1,(anonymous_4)
DA:4,7
DA:5,7
DA:6,7
DA:11,7
DA:12,7
DA:13,7
DA:14,7
DA:15,7
DA:16,7
DA:17,7
DA:20,6
DA:23,7
DA:24,5
DA:25,5
DA:26,5
DA:29,1
LF:16
LH:16
BRDA:9,0,0,1
BRDA:11,1,0,0
BRDA:11,1,1,7
BRDA:12,2,0,0
BRDA:12,2,1,7
BRDA:13,3,0,0
BRDA:13,3,1,7
BRDA:23,4,0,2
BRDA:23,4,1,5
BRDA:23,5,0,7
BRDA:23,5,1,5
BRF:11
BRH:8
end_of_record
