TN:
SF:src\cache.js
FN:3,(anonymous_0)
FN:9,(anonymous_1)
FN:21,(anonymous_2)
FN:24,(anonymous_3)
FN:34,(anonymous_4)
FNF:5
FNH:5
FNDA:8,(anonymous_0)
FNDA:10,(anonymous_1)
FNDA:6,(anonymous_2)
FNDA:7,(anonymous_3)
FNDA:1,(anonymous_4)
DA:4,8
DA:5,8
DA:6,8
DA:11,10
DA:12,9
DA:13,8
DA:14,7
DA:16,7
DA:17,7
DA:18,7
DA:19,7
DA:22,6
DA:25,7
DA:26,2
DA:27,2
DA:28,2
DA:30,5
DA:31,5
DA:32,5
DA:35,1
LF:20
LH:20
BRDA:9,0,0,1
BRDA:11,1,0,1
BRDA:11,1,1,9
BRDA:12,2,0,1
BRDA:12,2,1,8
BRDA:13,3,0,1
BRDA:13,3,1,7
BRDA:14,4,0,0
BRDA:14,4,1,7
BRDA:25,5,0,2
BRDA:25,5,1,5
BRDA:25,6,0,7
BRDA:25,6,1,5
BRF:13
BRH:12
end_of_record
